<?xml version="1.0" encoding="UTF-8"?>
<testsuite name="com.example.demo.DemoApplicationTests" tests="1" skipped="0" failures="0" errors="0" timestamp="2024-05-21T00:01:17" hostname="DESKTOP-10ASA6I" time="0.734">
  <properties/>
  <testcase name="contextLoads()" classname="com.example.demo.DemoApplicationTests" time="0.734"/>
  <system-out><![CDATA[03:01:10.875 [Test worker] INFO org.springframework.test.context.support.AnnotationConfigContextLoaderUtils -- Could not detect default configuration classes for test class [com.example.demo.DemoApplicationTests]: DemoApplicationTests does not declare any static, non-private, non-final, nested classes annotated with @Configuration.
03:01:11.001 [Test worker] INFO org.springframework.boot.test.context.SpringBootTestContextBootstrapper -- Found @SpringBootConfiguration com.example.demo.DemoApplication for test class com.example.demo.DemoApplicationTests

  .   ____          _            __ _ _
 /\\ / ___'_ __ _ _(_)_ __  __ _ \ \ \ \
( ( )\___ | '_ | '_| | '_ \/ _` | \ \ \ \
 \\/  ___)| |_)| | | | | || (_| |  ) ) ) )
  '  |____| .__|_| |_|_| |_\__, | / / / /
 =========|_|==============|___/=/_/_/_/
 :: Spring Boot ::                (v3.2.5)

2024-05-21T03:01:11.539+03:00  INFO 18420 --- [demo] [    Test worker] com.example.demo.DemoApplicationTests    : Starting DemoApplicationTests using Java 17.0.11 with PID 18420 (started by neli in C:\Users\neli\Desktop\demo)
2024-05-21T03:01:11.539+03:00  INFO 18420 --- [demo] [    Test worker] com.example.demo.DemoApplicationTests    : No active profile set, falling back to 1 default profile: "default"
2024-05-21T03:01:12.466+03:00  INFO 18420 --- [demo] [    Test worker] .s.d.r.c.RepositoryConfigurationDelegate : Bootstrapping Spring Data JPA repositories in DEFAULT mode.
2024-05-21T03:01:12.560+03:00  INFO 18420 --- [demo] [    Test worker] .s.d.r.c.RepositoryConfigurationDelegate : Finished Spring Data repository scanning in 76 ms. Found 2 JPA repository interfaces.
2024-05-21T03:01:13.266+03:00  INFO 18420 --- [demo] [    Test worker] o.hibernate.jpa.internal.util.LogHelper  : HHH000204: Processing PersistenceUnitInfo [name: default]
2024-05-21T03:01:13.345+03:00  INFO 18420 --- [demo] [    Test worker] org.hibernate.Version                    : HHH000412: Hibernate ORM core version 6.4.4.Final
2024-05-21T03:01:13.407+03:00  INFO 18420 --- [demo] [    Test worker] o.h.c.internal.RegionFactoryInitiator    : HHH000026: Second-level cache disabled
2024-05-21T03:01:13.783+03:00  INFO 18420 --- [demo] [    Test worker] o.s.o.j.p.SpringPersistenceUnitInfo      : No LoadTimeWeaver setup: ignoring JPA class transformer
2024-05-21T03:01:13.831+03:00  INFO 18420 --- [demo] [    Test worker] com.zaxxer.hikari.HikariDataSource       : HikariPool-1 - Starting...
2024-05-21T03:01:14.252+03:00  INFO 18420 --- [demo] [    Test worker] com.zaxxer.hikari.pool.HikariPool        : HikariPool-1 - Added connection org.postgresql.jdbc.PgConnection@3eb9c575
2024-05-21T03:01:14.252+03:00  INFO 18420 --- [demo] [    Test worker] com.zaxxer.hikari.HikariDataSource       : HikariPool-1 - Start completed.
2024-05-21T03:01:14.330+03:00  WARN 18420 --- [demo] [    Test worker] org.hibernate.orm.deprecation            : HHH90000025: PostgreSQLDialect does not need to be specified explicitly using 'hibernate.dialect' (remove the property setting and it will be selected by default)
2024-05-21T03:01:15.566+03:00  INFO 18420 --- [demo] [    Test worker] o.h.e.t.j.p.i.JtaPlatformInitiator       : HHH000489: No JTA platform available (set 'hibernate.transaction.jta.platform' to enable JTA platform integration)
2024-05-21T03:01:15.668+03:00  INFO 18420 --- [demo] [    Test worker] j.LocalContainerEntityManagerFactoryBean : Initialized JPA EntityManagerFactory for persistence unit 'default'
2024-05-21T03:01:16.075+03:00  INFO 18420 --- [demo] [    Test worker] o.s.d.j.r.query.QueryEnhancerFactory     : Hibernate is in classpath; If applicable, HQL parser will be used.
2024-05-21T03:01:16.932+03:00  WARN 18420 --- [demo] [    Test worker] JpaBaseConfiguration$JpaWebConfiguration : spring.jpa.open-in-view is enabled by default. Therefore, database queries may be performed during view rendering. Explicitly configure spring.jpa.open-in-view to disable this warning
2024-05-21T03:01:17.073+03:00  INFO 18420 --- [demo] [    Test worker] o.s.b.a.w.s.WelcomePageHandlerMapping    : Adding welcome page template: index
2024-05-21T03:01:17.414+03:00  INFO 18420 --- [demo] [    Test worker] o.s.s.web.DefaultSecurityFilterChain     : Will secure any request with [org.springframework.security.web.session.DisableEncodeUrlFilter@7dbf92aa, org.springframework.security.web.context.request.async.WebAsyncManagerIntegrationFilter@122557f8, org.springframework.security.web.context.SecurityContextHolderFilter@3d36204f, org.springframework.security.web.header.HeaderWriterFilter@2fbc704a, org.springframework.web.filter.CorsFilter@1e8f20bf, org.springframework.security.web.authentication.logout.LogoutFilter@9fe1e14, org.springframework.security.web.authentication.UsernamePasswordAuthenticationFilter@4ab8c3c0, org.springframework.security.web.savedrequest.RequestCacheAwareFilter@105d2c27, org.springframework.security.web.servletapi.SecurityContextHolderAwareRequestFilter@7ca46aaf, org.springframework.security.web.authentication.AnonymousAuthenticationFilter@718212ef, org.springframework.security.web.access.ExceptionTranslationFilter@2b3cbc2c, org.springframework.security.web.access.intercept.AuthorizationFilter@340b7fca]
2024-05-21T03:01:17.901+03:00  INFO 18420 --- [demo] [    Test worker] com.example.demo.DemoApplicationTests    : Started DemoApplicationTests in 6.649 seconds (process running for 8.29)
]]></system-out>
  <system-err><![CDATA[]]></system-err>
</testsuite>
